<?xml version="1.0" encoding="UTF-8"?>
<testng-results ignored="0" total="1" passed="1" failed="0" skipped="0">
  <reporter-output>
  </reporter-output>
  <suite started-at="2022-02-01T23:07:12 EST" name="Suite" finished-at="2022-02-01T23:07:42 EST" duration-ms="29874">
    <groups>
    </groups>
    <test started-at="2022-02-01T23:07:12 EST" name="Test" finished-at="2022-02-01T23:07:42 EST" duration-ms="29874">
      <class name="tests.MainpageTest">
        <test-method is-config="true" signature="beforeMethod()[pri:0, instance:tests.MainpageTest@77167fb7]" started-at="2022-02-01T23:07:12 EST" name="beforeMethod" finished-at="2022-02-01T23:07:29 EST" duration-ms="17105" status="PASS">
          <reporter-output>
          </reporter-output>
        </test-method> <!-- beforeMethod -->
        <test-method signature="validateRepo()[pri:1, instance:tests.MainpageTest@77167fb7]" started-at="2022-02-01T23:07:29 EST" name="validateRepo" finished-at="2022-02-01T23:07:38 EST" duration-ms="9556" status="PASS">
          <reporter-output>
          </reporter-output>
        </test-method> <!-- validateRepo -->
        <test-method is-config="true" signature="afterMethod()[pri:0, instance:tests.MainpageTest@77167fb7]" started-at="2022-02-01T23:07:38 EST" name="afterMethod" finished-at="2022-02-01T23:07:42 EST" duration-ms="3112" status="PASS">
          <reporter-output>
          </reporter-output>
        </test-method> <!-- afterMethod -->
      </class> <!-- tests.MainpageTest -->
    </test> <!-- Test -->
  </suite> <!-- Suite -->
</testng-results>
